{"D:\\3rd Sem MCA\\sweet-shop\\backend\\app.js": {"path":"D:\\3rd Sem MCA\\sweet-shop\\backend\\app.js","statementMap":{"0":{"start":{"line":1,"column":16},"end":{"line":1,"column":34}},"1":{"start":{"line":2,"column":12},"end":{"line":2,"column":21}},"2":{"start":{"line":5,"column":0},"end":{"line":5,"column":34}},"3":{"start":{"line":8,"column":0},"end":{"line":8,"column":24}},"4":{"start":{"line":11,"column":0},"end":{"line":11,"column":52}},"5":{"start":{"line":11,"column":27},"end":{"line":11,"column":50}},"6":{"start":{"line":14,"column":0},"end":{"line":14,"column":47}},"7":{"start":{"line":15,"column":0},"end":{"line":15,"column":51}},"8":{"start":{"line":18,"column":0},"end":{"line":18,"column":21}}},"fnMap":{"0":{"name":"(anonymous_0)","decl":{"start":{"line":11,"column":13},"end":{"line":11,"column":14}},"loc":{"start":{"line":11,"column":27},"end":{"line":11,"column":50}},"line":11}},"branchMap":{},"s":{"0":2,"1":2,"2":2,"3":2,"4":2,"5":0,"6":2,"7":2,"8":2},"f":{"0":0},"b":{},"_coverageSchema":"1a1c01bbd47fc00a2c39e90264f33305004495a9","hash":"fba2d4afe2afe8bc4be7f62ebb0f48dca91f20e8"}
,"D:\\3rd Sem MCA\\sweet-shop\\backend\\middleware\\auth.js": {"path":"D:\\3rd Sem MCA\\sweet-shop\\backend\\middleware\\auth.js","statementMap":{"0":{"start":{"line":1,"column":12},"end":{"line":1,"column":35}},"1":{"start":{"line":2,"column":0},"end":{"line":2,"column":27}},"2":{"start":{"line":6,"column":23},"end":{"line":6,"column":50}},"3":{"start":{"line":9,"column":4},"end":{"line":11,"column":5}},"4":{"start":{"line":10,"column":8},"end":{"line":10,"column":83}},"5":{"start":{"line":14,"column":18},"end":{"line":14,"column":42}},"6":{"start":{"line":16,"column":4},"end":{"line":28,"column":5}},"7":{"start":{"line":18,"column":24},"end":{"line":18,"column":65}},"8":{"start":{"line":22,"column":8},"end":{"line":22,"column":27}},"9":{"start":{"line":24,"column":8},"end":{"line":24,"column":15}},"10":{"start":{"line":27,"column":8},"end":{"line":27,"column":64}},"11":{"start":{"line":33,"column":4},"end":{"line":36,"column":5}},"12":{"start":{"line":35,"column":8},"end":{"line":35,"column":79}},"13":{"start":{"line":37,"column":4},"end":{"line":37,"column":11}},"14":{"start":{"line":40,"column":0},"end":{"line":40,"column":33}}},"fnMap":{"0":{"name":"auth","decl":{"start":{"line":4,"column":9},"end":{"line":4,"column":13}},"loc":{"start":{"line":4,"column":30},"end":{"line":29,"column":1}},"line":4},"1":{"name":"admin","decl":{"start":{"line":32,"column":9},"end":{"line":32,"column":14}},"loc":{"start":{"line":32,"column":31},"end":{"line":38,"column":1}},"line":32}},"branchMap":{"0":{"loc":{"start":{"line":9,"column":4},"end":{"line":11,"column":5}},"type":"if","locations":[{"start":{"line":9,"column":4},"end":{"line":11,"column":5}},{"start":{},"end":{}}],"line":9},"1":{"loc":{"start":{"line":9,"column":8},"end":{"line":9,"column":56}},"type":"binary-expr","locations":[{"start":{"line":9,"column":8},"end":{"line":9,"column":19}},{"start":{"line":9,"column":23},"end":{"line":9,"column":56}}],"line":9},"2":{"loc":{"start":{"line":33,"column":4},"end":{"line":36,"column":5}},"type":"if","locations":[{"start":{"line":33,"column":4},"end":{"line":36,"column":5}},{"start":{},"end":{}}],"line":33},"3":{"loc":{"start":{"line":33,"column":8},"end":{"line":33,"column":46}},"type":"binary-expr","locations":[{"start":{"line":33,"column":8},"end":{"line":33,"column":17}},{"start":{"line":33,"column":21},"end":{"line":33,"column":46}}],"line":33}},"s":{"0":2,"1":2,"2":21,"3":21,"4":3,"5":18,"6":18,"7":18,"8":0,"9":0,"10":18,"11":0,"12":0,"13":0,"14":2},"f":{"0":21,"1":0},"b":{"0":[3,18],"1":[21,18],"2":[0,0],"3":[0,0]},"_coverageSchema":"1a1c01bbd47fc00a2c39e90264f33305004495a9","hash":"a016e02c9ada8ae55b999d37ceb6ce7c0135a974"}
,"D:\\3rd Sem MCA\\sweet-shop\\backend\\models\\Sweet.js": {"path":"D:\\3rd Sem MCA\\sweet-shop\\backend\\models\\Sweet.js","statementMap":{"0":{"start":{"line":1,"column":17},"end":{"line":1,"column":36}},"1":{"start":{"line":2,"column":20},"end":{"line":7,"column":2}},"2":{"start":{"line":8,"column":0},"end":{"line":8,"column":54}}},"fnMap":{},"branchMap":{},"s":{"0":2,"1":2,"2":2},"f":{},"b":{},"_coverageSchema":"1a1c01bbd47fc00a2c39e90264f33305004495a9","hash":"82865700f88240ad2c6e15e44e5f4d6946d65406"}
,"D:\\3rd Sem MCA\\sweet-shop\\backend\\models\\User.js": {"path":"D:\\3rd Sem MCA\\sweet-shop\\backend\\models\\User.js","statementMap":{"0":{"start":{"line":1,"column":17},"end":{"line":1,"column":36}},"1":{"start":{"line":2,"column":15},"end":{"line":2,"column":34}},"2":{"start":{"line":4,"column":19},"end":{"line":8,"column":2}},"3":{"start":{"line":11,"column":0},"end":{"line":16,"column":3}},"4":{"start":{"line":12,"column":2},"end":{"line":12,"column":50}},"5":{"start":{"line":12,"column":36},"end":{"line":12,"column":50}},"6":{"start":{"line":13,"column":15},"end":{"line":13,"column":39}},"7":{"start":{"line":14,"column":2},"end":{"line":14,"column":57}},"8":{"start":{"line":15,"column":2},"end":{"line":15,"column":9}},"9":{"start":{"line":18,"column":0},"end":{"line":18,"column":52}}},"fnMap":{"0":{"name":"(anonymous_0)","decl":{"start":{"line":11,"column":23},"end":{"line":11,"column":24}},"loc":{"start":{"line":11,"column":44},"end":{"line":16,"column":1}},"line":11}},"branchMap":{"0":{"loc":{"start":{"line":12,"column":2},"end":{"line":12,"column":50}},"type":"if","locations":[{"start":{"line":12,"column":2},"end":{"line":12,"column":50}},{"start":{},"end":{}}],"line":12}},"s":{"0":2,"1":2,"2":2,"3":2,"4":46,"5":0,"6":46,"7":46,"8":46,"9":2},"f":{"0":46},"b":{"0":[0,46]},"_coverageSchema":"1a1c01bbd47fc00a2c39e90264f33305004495a9","hash":"303ab46efef5bacef658671564c93eccd1e989fc"}
,"D:\\3rd Sem MCA\\sweet-shop\\backend\\routes\\auth.js": {"path":"D:\\3rd Sem MCA\\sweet-shop\\backend\\routes\\auth.js","statementMap":{"0":{"start":{"line":1,"column":16},"end":{"line":1,"column":34}},"1":{"start":{"line":2,"column":15},"end":{"line":2,"column":31}},"2":{"start":{"line":3,"column":13},"end":{"line":3,"column":38}},"3":{"start":{"line":4,"column":15},"end":{"line":4,"column":34}},"4":{"start":{"line":5,"column":12},"end":{"line":5,"column":35}},"5":{"start":{"line":8,"column":0},"end":{"line":8,"column":27}},"6":{"start":{"line":9,"column":0},"end":{"line":9,"column":27}},"7":{"start":{"line":12,"column":0},"end":{"line":43,"column":3}},"8":{"start":{"line":14,"column":4},"end":{"line":16,"column":5}},"9":{"start":{"line":15,"column":8},"end":{"line":15,"column":83}},"10":{"start":{"line":19,"column":48},"end":{"line":19,"column":56}},"11":{"start":{"line":21,"column":4},"end":{"line":42,"column":5}},"12":{"start":{"line":23,"column":8},"end":{"line":26,"column":9}},"13":{"start":{"line":25,"column":12},"end":{"line":25,"column":100}},"14":{"start":{"line":29,"column":19},"end":{"line":29,"column":48}},"15":{"start":{"line":30,"column":8},"end":{"line":32,"column":9}},"16":{"start":{"line":31,"column":12},"end":{"line":31,"column":93}},"17":{"start":{"line":35,"column":8},"end":{"line":35,"column":61}},"18":{"start":{"line":36,"column":8},"end":{"line":36,"column":26}},"19":{"start":{"line":38,"column":8},"end":{"line":38,"column":74}},"20":{"start":{"line":40,"column":8},"end":{"line":40,"column":58}},"21":{"start":{"line":41,"column":8},"end":{"line":41,"column":45}},"22":{"start":{"line":47,"column":0},"end":{"line":83,"column":3}},"23":{"start":{"line":49,"column":4},"end":{"line":51,"column":5}},"24":{"start":{"line":50,"column":8},"end":{"line":50,"column":76}},"25":{"start":{"line":54,"column":32},"end":{"line":54,"column":40}},"26":{"start":{"line":56,"column":4},"end":{"line":82,"column":5}},"27":{"start":{"line":57,"column":21},"end":{"line":57,"column":50}},"28":{"start":{"line":58,"column":8},"end":{"line":61,"column":9}},"29":{"start":{"line":60,"column":12},"end":{"line":60,"column":76}},"30":{"start":{"line":63,"column":24},"end":{"line":63,"column":69}},"31":{"start":{"line":64,"column":8},"end":{"line":67,"column":9}},"32":{"start":{"line":66,"column":12},"end":{"line":66,"column":76}},"33":{"start":{"line":69,"column":24},"end":{"line":74,"column":9}},"34":{"start":{"line":76,"column":22},"end":{"line":76,"column":84}},"35":{"start":{"line":77,"column":8},"end":{"line":77,"column":40}},"36":{"start":{"line":80,"column":8},"end":{"line":80,"column":51}},"37":{"start":{"line":81,"column":8},"end":{"line":81,"column":45}},"38":{"start":{"line":85,"column":0},"end":{"line":85,"column":24}}},"fnMap":{"0":{"name":"(anonymous_0)","decl":{"start":{"line":12,"column":25},"end":{"line":12,"column":26}},"loc":{"start":{"line":12,"column":45},"end":{"line":43,"column":1}},"line":12},"1":{"name":"(anonymous_1)","decl":{"start":{"line":47,"column":22},"end":{"line":47,"column":23}},"loc":{"start":{"line":47,"column":42},"end":{"line":83,"column":1}},"line":47}},"branchMap":{"0":{"loc":{"start":{"line":14,"column":4},"end":{"line":16,"column":5}},"type":"if","locations":[{"start":{"line":14,"column":4},"end":{"line":16,"column":5}},{"start":{},"end":{}}],"line":14},"1":{"loc":{"start":{"line":23,"column":8},"end":{"line":26,"column":9}},"type":"if","locations":[{"start":{"line":23,"column":8},"end":{"line":26,"column":9}},{"start":{},"end":{}}],"line":23},"2":{"loc":{"start":{"line":23,"column":12},"end":{"line":23,"column":44}},"type":"binary-expr","locations":[{"start":{"line":23,"column":12},"end":{"line":23,"column":21}},{"start":{"line":23,"column":25},"end":{"line":23,"column":34}},{"start":{"line":23,"column":38},"end":{"line":23,"column":44}}],"line":23},"3":{"loc":{"start":{"line":30,"column":8},"end":{"line":32,"column":9}},"type":"if","locations":[{"start":{"line":30,"column":8},"end":{"line":32,"column":9}},{"start":{},"end":{}}],"line":30},"4":{"loc":{"start":{"line":49,"column":4},"end":{"line":51,"column":5}},"type":"if","locations":[{"start":{"line":49,"column":4},"end":{"line":51,"column":5}},{"start":{},"end":{}}],"line":49},"5":{"loc":{"start":{"line":58,"column":8},"end":{"line":61,"column":9}},"type":"if","locations":[{"start":{"line":58,"column":8},"end":{"line":61,"column":9}},{"start":{},"end":{}}],"line":58},"6":{"loc":{"start":{"line":64,"column":8},"end":{"line":67,"column":9}},"type":"if","locations":[{"start":{"line":64,"column":8},"end":{"line":67,"column":9}},{"start":{},"end":{}}],"line":64}},"s":{"0":2,"1":2,"2":2,"3":2,"4":2,"5":2,"6":2,"7":2,"8":48,"9":0,"10":48,"11":48,"12":48,"13":3,"14":45,"15":45,"16":0,"17":45,"18":45,"19":45,"20":0,"21":0,"22":2,"23":48,"24":0,"25":48,"26":48,"27":48,"28":48,"29":48,"30":0,"31":0,"32":0,"33":0,"34":0,"35":0,"36":0,"37":0,"38":2},"f":{"0":48,"1":48},"b":{"0":[0,48],"1":[3,45],"2":[48,48,48],"3":[0,45],"4":[0,48],"5":[48,0],"6":[0,0]},"_coverageSchema":"1a1c01bbd47fc00a2c39e90264f33305004495a9","hash":"f941111a7592cd9b4a62779f64a9f52a198c1cdf"}
,"D:\\3rd Sem MCA\\sweet-shop\\backend\\routes\\sweets.js": {"path":"D:\\3rd Sem MCA\\sweet-shop\\backend\\routes\\sweets.js","statementMap":{"0":{"start":{"line":1,"column":16},"end":{"line":1,"column":34}},"1":{"start":{"line":2,"column":15},"end":{"line":2,"column":31}},"2":{"start":{"line":3,"column":24},"end":{"line":3,"column":53}},"3":{"start":{"line":4,"column":14},"end":{"line":4,"column":40}},"4":{"start":{"line":9,"column":0},"end":{"line":18,"column":3}},"5":{"start":{"line":10,"column":2},"end":{"line":17,"column":3}},"6":{"start":{"line":11,"column":48},"end":{"line":11,"column":56}},"7":{"start":{"line":12,"column":21},"end":{"line":12,"column":67}},"8":{"start":{"line":13,"column":18},"end":{"line":13,"column":39}},"9":{"start":{"line":14,"column":4},"end":{"line":14,"column":32}},"10":{"start":{"line":16,"column":4},"end":{"line":16,"column":41}},"11":{"start":{"line":23,"column":0},"end":{"line":32,"column":3}},"12":{"start":{"line":25,"column":2},"end":{"line":31,"column":3}},"13":{"start":{"line":26,"column":19},"end":{"line":26,"column":55}},"14":{"start":{"line":27,"column":4},"end":{"line":27,"column":21}},"15":{"start":{"line":29,"column":4},"end":{"line":29,"column":31}},"16":{"start":{"line":30,"column":4},"end":{"line":30,"column":41}},"17":{"start":{"line":37,"column":0},"end":{"line":76,"column":3}},"18":{"start":{"line":38,"column":2},"end":{"line":75,"column":3}},"19":{"start":{"line":39,"column":43},"end":{"line":39,"column":52}},"20":{"start":{"line":40,"column":16},"end":{"line":40,"column":18}},"21":{"start":{"line":43,"column":4},"end":{"line":46,"column":5}},"22":{"start":{"line":45,"column":6},"end":{"line":45,"column":41}},"23":{"start":{"line":47,"column":4},"end":{"line":49,"column":5}},"24":{"start":{"line":48,"column":6},"end":{"line":48,"column":32}},"25":{"start":{"line":50,"column":4},"end":{"line":66,"column":5}},"26":{"start":{"line":52,"column":31},"end":{"line":52,"column":52}},"27":{"start":{"line":55,"column":18},"end":{"line":55,"column":36}},"28":{"start":{"line":56,"column":18},"end":{"line":56,"column":36}},"29":{"start":{"line":59,"column":6},"end":{"line":59,"column":23}},"30":{"start":{"line":60,"column":6},"end":{"line":62,"column":7}},"31":{"start":{"line":61,"column":8},"end":{"line":61,"column":31}},"32":{"start":{"line":63,"column":6},"end":{"line":65,"column":7}},"33":{"start":{"line":64,"column":8},"end":{"line":64,"column":31}},"34":{"start":{"line":67,"column":4},"end":{"line":67,"column":64}},"35":{"start":{"line":69,"column":19},"end":{"line":69,"column":42}},"36":{"start":{"line":70,"column":4},"end":{"line":70,"column":21}},"37":{"start":{"line":73,"column":4},"end":{"line":73,"column":31}},"38":{"start":{"line":74,"column":4},"end":{"line":74,"column":41}},"39":{"start":{"line":78,"column":0},"end":{"line":99,"column":3}},"40":{"start":{"line":79,"column":2},"end":{"line":98,"column":3}},"41":{"start":{"line":80,"column":16},"end":{"line":80,"column":51}},"42":{"start":{"line":81,"column":4},"end":{"line":83,"column":5}},"43":{"start":{"line":82,"column":6},"end":{"line":82,"column":66}},"44":{"start":{"line":87,"column":4},"end":{"line":91,"column":6}},"45":{"start":{"line":93,"column":4},"end":{"line":93,"column":20}},"46":{"start":{"line":96,"column":4},"end":{"line":96,"column":31}},"47":{"start":{"line":97,"column":4},"end":{"line":97,"column":41}},"48":{"start":{"line":103,"column":0},"end":{"line":118,"column":3}},"49":{"start":{"line":104,"column":2},"end":{"line":117,"column":3}},"50":{"start":{"line":105,"column":18},"end":{"line":105,"column":53}},"51":{"start":{"line":106,"column":4},"end":{"line":108,"column":5}},"52":{"start":{"line":107,"column":6},"end":{"line":107,"column":66}},"53":{"start":{"line":110,"column":4},"end":{"line":110,"column":49}},"54":{"start":{"line":112,"column":4},"end":{"line":112,"column":43}},"55":{"start":{"line":115,"column":4},"end":{"line":115,"column":31}},"56":{"start":{"line":116,"column":4},"end":{"line":116,"column":41}},"57":{"start":{"line":122,"column":0},"end":{"line":142,"column":3}},"58":{"start":{"line":123,"column":2},"end":{"line":141,"column":3}},"59":{"start":{"line":124,"column":18},"end":{"line":124,"column":53}},"60":{"start":{"line":125,"column":4},"end":{"line":127,"column":5}},"61":{"start":{"line":126,"column":6},"end":{"line":126,"column":66}},"62":{"start":{"line":129,"column":4},"end":{"line":131,"column":5}},"63":{"start":{"line":130,"column":6},"end":{"line":130,"column":63}},"64":{"start":{"line":133,"column":4},"end":{"line":133,"column":24}},"65":{"start":{"line":134,"column":4},"end":{"line":134,"column":23}},"66":{"start":{"line":136,"column":4},"end":{"line":136,"column":20}},"67":{"start":{"line":139,"column":4},"end":{"line":139,"column":31}},"68":{"start":{"line":140,"column":4},"end":{"line":140,"column":41}},"69":{"start":{"line":146,"column":0},"end":{"line":167,"column":3}},"70":{"start":{"line":147,"column":2},"end":{"line":166,"column":3}},"71":{"start":{"line":148,"column":23},"end":{"line":148,"column":31}},"72":{"start":{"line":149,"column":4},"end":{"line":151,"column":5}},"73":{"start":{"line":150,"column":6},"end":{"line":150,"column":82}},"74":{"start":{"line":153,"column":18},"end":{"line":153,"column":53}},"75":{"start":{"line":154,"column":4},"end":{"line":156,"column":5}},"76":{"start":{"line":155,"column":6},"end":{"line":155,"column":66}},"77":{"start":{"line":158,"column":4},"end":{"line":158,"column":43}},"78":{"start":{"line":159,"column":4},"end":{"line":159,"column":23}},"79":{"start":{"line":161,"column":4},"end":{"line":161,"column":20}},"80":{"start":{"line":164,"column":4},"end":{"line":164,"column":31}},"81":{"start":{"line":165,"column":4},"end":{"line":165,"column":41}},"82":{"start":{"line":168,"column":0},"end":{"line":192,"column":3}},"83":{"start":{"line":170,"column":25},"end":{"line":170,"column":33}},"84":{"start":{"line":173,"column":4},"end":{"line":176,"column":5}},"85":{"start":{"line":175,"column":8},"end":{"line":175,"column":98}},"86":{"start":{"line":178,"column":4},"end":{"line":191,"column":5}},"87":{"start":{"line":179,"column":20},"end":{"line":179,"column":55}},"88":{"start":{"line":180,"column":8},"end":{"line":180,"column":80}},"89":{"start":{"line":180,"column":20},"end":{"line":180,"column":80}},"90":{"start":{"line":182,"column":8},"end":{"line":184,"column":9}},"91":{"start":{"line":183,"column":12},"end":{"line":183,"column":69}},"92":{"start":{"line":186,"column":8},"end":{"line":186,"column":35}},"93":{"start":{"line":187,"column":8},"end":{"line":187,"column":27}},"94":{"start":{"line":188,"column":8},"end":{"line":188,"column":24}},"95":{"start":{"line":190,"column":8},"end":{"line":190,"column":45}},"96":{"start":{"line":194,"column":0},"end":{"line":194,"column":24}}},"fnMap":{"0":{"name":"(anonymous_0)","decl":{"start":{"line":9,"column":32},"end":{"line":9,"column":33}},"loc":{"start":{"line":9,"column":52},"end":{"line":18,"column":1}},"line":9},"1":{"name":"(anonymous_1)","decl":{"start":{"line":23,"column":22},"end":{"line":23,"column":23}},"loc":{"start":{"line":23,"column":42},"end":{"line":32,"column":1}},"line":23},"2":{"name":"(anonymous_2)","decl":{"start":{"line":37,"column":28},"end":{"line":37,"column":29}},"loc":{"start":{"line":37,"column":48},"end":{"line":76,"column":1}},"line":37},"3":{"name":"(anonymous_3)","decl":{"start":{"line":78,"column":34},"end":{"line":78,"column":35}},"loc":{"start":{"line":78,"column":54},"end":{"line":99,"column":1}},"line":78},"4":{"name":"(anonymous_4)","decl":{"start":{"line":103,"column":37},"end":{"line":103,"column":38}},"loc":{"start":{"line":103,"column":57},"end":{"line":118,"column":1}},"line":103},"5":{"name":"(anonymous_5)","decl":{"start":{"line":122,"column":35},"end":{"line":122,"column":36}},"loc":{"start":{"line":122,"column":55},"end":{"line":142,"column":1}},"line":122},"6":{"name":"(anonymous_6)","decl":{"start":{"line":146,"column":43},"end":{"line":146,"column":44}},"loc":{"start":{"line":146,"column":63},"end":{"line":167,"column":1}},"line":146},"7":{"name":"(anonymous_7)","decl":{"start":{"line":168,"column":35},"end":{"line":168,"column":36}},"loc":{"start":{"line":168,"column":55},"end":{"line":192,"column":1}},"line":168}},"branchMap":{"0":{"loc":{"start":{"line":43,"column":4},"end":{"line":46,"column":5}},"type":"if","locations":[{"start":{"line":43,"column":4},"end":{"line":46,"column":5}},{"start":{},"end":{}}],"line":43},"1":{"loc":{"start":{"line":47,"column":4},"end":{"line":49,"column":5}},"type":"if","locations":[{"start":{"line":47,"column":4},"end":{"line":49,"column":5}},{"start":{},"end":{}}],"line":47},"2":{"loc":{"start":{"line":50,"column":4},"end":{"line":66,"column":5}},"type":"if","locations":[{"start":{"line":50,"column":4},"end":{"line":66,"column":5}},{"start":{},"end":{}}],"line":50},"3":{"loc":{"start":{"line":60,"column":6},"end":{"line":62,"column":7}},"type":"if","locations":[{"start":{"line":60,"column":6},"end":{"line":62,"column":7}},{"start":{},"end":{}}],"line":60},"4":{"loc":{"start":{"line":63,"column":6},"end":{"line":65,"column":7}},"type":"if","locations":[{"start":{"line":63,"column":6},"end":{"line":65,"column":7}},{"start":{},"end":{}}],"line":63},"5":{"loc":{"start":{"line":81,"column":4},"end":{"line":83,"column":5}},"type":"if","locations":[{"start":{"line":81,"column":4},"end":{"line":83,"column":5}},{"start":{},"end":{}}],"line":81},"6":{"loc":{"start":{"line":106,"column":4},"end":{"line":108,"column":5}},"type":"if","locations":[{"start":{"line":106,"column":4},"end":{"line":108,"column":5}},{"start":{},"end":{}}],"line":106},"7":{"loc":{"start":{"line":125,"column":4},"end":{"line":127,"column":5}},"type":"if","locations":[{"start":{"line":125,"column":4},"end":{"line":127,"column":5}},{"start":{},"end":{}}],"line":125},"8":{"loc":{"start":{"line":129,"column":4},"end":{"line":131,"column":5}},"type":"if","locations":[{"start":{"line":129,"column":4},"end":{"line":131,"column":5}},{"start":{},"end":{}}],"line":129},"9":{"loc":{"start":{"line":149,"column":4},"end":{"line":151,"column":5}},"type":"if","locations":[{"start":{"line":149,"column":4},"end":{"line":151,"column":5}},{"start":{},"end":{}}],"line":149},"10":{"loc":{"start":{"line":149,"column":8},"end":{"line":149,"column":30}},"type":"binary-expr","locations":[{"start":{"line":149,"column":8},"end":{"line":149,"column":15}},{"start":{"line":149,"column":19},"end":{"line":149,"column":30}}],"line":149},"11":{"loc":{"start":{"line":154,"column":4},"end":{"line":156,"column":5}},"type":"if","locations":[{"start":{"line":154,"column":4},"end":{"line":156,"column":5}},{"start":{},"end":{}}],"line":154},"12":{"loc":{"start":{"line":173,"column":4},"end":{"line":176,"column":5}},"type":"if","locations":[{"start":{"line":173,"column":4},"end":{"line":176,"column":5}},{"start":{},"end":{}}],"line":173},"13":{"loc":{"start":{"line":173,"column":8},"end":{"line":173,"column":65}},"type":"binary-expr","locations":[{"start":{"line":173,"column":8},"end":{"line":173,"column":17}},{"start":{"line":173,"column":21},"end":{"line":173,"column":34}},{"start":{"line":173,"column":38},"end":{"line":173,"column":65}}],"line":173},"14":{"loc":{"start":{"line":180,"column":8},"end":{"line":180,"column":80}},"type":"if","locations":[{"start":{"line":180,"column":8},"end":{"line":180,"column":80}},{"start":{},"end":{}}],"line":180},"15":{"loc":{"start":{"line":182,"column":8},"end":{"line":184,"column":9}},"type":"if","locations":[{"start":{"line":182,"column":8},"end":{"line":184,"column":9}},{"start":{},"end":{}}],"line":182}},"s":{"0":2,"1":2,"2":2,"3":2,"4":2,"5":0,"6":0,"7":0,"8":0,"9":0,"10":0,"11":2,"12":0,"13":0,"14":0,"15":0,"16":0,"17":2,"18":0,"19":0,"20":0,"21":0,"22":0,"23":0,"24":0,"25":0,"26":0,"27":0,"28":0,"29":0,"30":0,"31":0,"32":0,"33":0,"34":0,"35":0,"36":0,"37":0,"38":0,"39":2,"40":0,"41":0,"42":0,"43":0,"44":0,"45":0,"46":0,"47":0,"48":2,"49":0,"50":0,"51":0,"52":0,"53":0,"54":0,"55":0,"56":0,"57":2,"58":0,"59":0,"60":0,"61":0,"62":0,"63":0,"64":0,"65":0,"66":0,"67":0,"68":0,"69":2,"70":0,"71":0,"72":0,"73":0,"74":0,"75":0,"76":0,"77":0,"78":0,"79":0,"80":0,"81":0,"82":2,"83":0,"84":0,"85":0,"86":0,"87":0,"88":0,"89":0,"90":0,"91":0,"92":0,"93":0,"94":0,"95":0,"96":2},"f":{"0":0,"1":0,"2":0,"3":0,"4":0,"5":0,"6":0,"7":0},"b":{"0":[0,0],"1":[0,0],"2":[0,0],"3":[0,0],"4":[0,0],"5":[0,0],"6":[0,0],"7":[0,0],"8":[0,0],"9":[0,0],"10":[0,0],"11":[0,0],"12":[0,0],"13":[0,0,0],"14":[0,0],"15":[0,0]},"_coverageSchema":"1a1c01bbd47fc00a2c39e90264f33305004495a9","hash":"cd7edf780e6bc6aed9da8aae822a4e10428b5833"}
}
