TN:
SF:app.js
FN:11,(anonymous_0)
FNF:1
FNH:0
FNDA:0,(anonymous_0)
DA:1,2
DA:2,2
DA:5,2
DA:8,2
DA:11,2
DA:14,2
DA:15,2
DA:18,2
LF:8
LH:8
BRF:0
BRH:0
end_of_record
TN:
SF:middleware\auth.js
FN:4,auth
FN:32,admin
FNF:2
FNH:1
FNDA:21,auth
FNDA:0,admin
DA:1,2
DA:2,2
DA:6,21
DA:9,21
DA:10,3
DA:14,18
DA:16,18
DA:18,18
DA:22,0
DA:24,0
DA:27,18
DA:33,0
DA:35,0
DA:37,0
DA:40,2
LF:15
LH:10
BRDA:9,0,0,3
BRDA:9,0,1,18
BRDA:9,1,0,21
BRDA:9,1,1,18
BRDA:33,2,0,0
BRDA:33,2,1,0
BRDA:33,3,0,0
BRDA:33,3,1,0
BRF:8
BRH:4
end_of_record
TN:
SF:models\Sweet.js
FNF:0
FNH:0
DA:1,2
DA:2,2
DA:8,2
LF:3
LH:3
BRF:0
BRH:0
end_of_record
TN:
SF:models\User.js
FN:11,(anonymous_0)
FNF:1
FNH:1
FNDA:46,(anonymous_0)
DA:1,2
DA:2,2
DA:4,2
DA:11,2
DA:12,46
DA:13,46
DA:14,46
DA:15,46
DA:18,2
LF:9
LH:9
BRDA:12,0,0,0
BRDA:12,0,1,46
BRF:2
BRH:1
end_of_record
TN:
SF:routes\auth.js
FN:12,(anonymous_0)
FN:47,(anonymous_1)
FNF:2
FNH:2
FNDA:48,(anonymous_0)
FNDA:48,(anonymous_1)
DA:1,2
DA:2,2
DA:3,2
DA:4,2
DA:5,2
DA:8,2
DA:9,2
DA:12,2
DA:14,48
DA:15,0
DA:19,48
DA:21,48
DA:23,48
DA:25,3
DA:29,45
DA:30,45
DA:31,0
DA:35,45
DA:36,45
DA:38,45
DA:40,0
DA:41,0
DA:47,2
DA:49,48
DA:50,0
DA:54,48
DA:56,48
DA:57,48
DA:58,48
DA:60,48
DA:63,0
DA:64,0
DA:66,0
DA:69,0
DA:76,0
DA:77,0
DA:80,0
DA:81,0
DA:85,2
LF:39
LH:26
BRDA:14,0,0,0
BRDA:14,0,1,48
BRDA:23,1,0,3
BRDA:23,1,1,45
BRDA:23,2,0,48
BRDA:23,2,1,48
BRDA:23,2,2,48
BRDA:30,3,0,0
BRDA:30,3,1,45
BRDA:49,4,0,0
BRDA:49,4,1,48
BRDA:58,5,0,48
BRDA:58,5,1,0
BRDA:64,6,0,0
BRDA:64,6,1,0
BRF:15
BRH:9
end_of_record
TN:
SF:routes\sweets.js
FN:9,(anonymous_0)
FN:23,(anonymous_1)
FN:37,(anonymous_2)
FN:78,(anonymous_3)
FN:103,(anonymous_4)
FN:122,(anonymous_5)
FN:146,(anonymous_6)
FN:168,(anonymous_7)
FNF:8
FNH:0
FNDA:0,(anonymous_0)
FNDA:0,(anonymous_1)
FNDA:0,(anonymous_2)
FNDA:0,(anonymous_3)
FNDA:0,(anonymous_4)
FNDA:0,(anonymous_5)
FNDA:0,(anonymous_6)
FNDA:0,(anonymous_7)
DA:1,2
DA:2,2
DA:3,2
DA:4,2
DA:9,2
DA:10,0
DA:11,0
DA:12,0
DA:13,0
DA:14,0
DA:16,0
DA:23,2
DA:25,0
DA:26,0
DA:27,0
DA:29,0
DA:30,0
DA:37,2
DA:38,0
DA:39,0
DA:40,0
DA:43,0
DA:45,0
DA:47,0
DA:48,0
DA:50,0
DA:52,0
DA:55,0
DA:56,0
DA:59,0
DA:60,0
DA:61,0
DA:63,0
DA:64,0
DA:67,0
DA:69,0
DA:70,0
DA:73,0
DA:74,0
DA:78,2
DA:79,0
DA:80,0
DA:81,0
DA:82,0
DA:87,0
DA:93,0
DA:96,0
DA:97,0
DA:103,2
DA:104,0
DA:105,0
DA:106,0
DA:107,0
DA:110,0
DA:112,0
DA:115,0
DA:116,0
DA:122,2
DA:123,0
DA:124,0
DA:125,0
DA:126,0
DA:129,0
DA:130,0
DA:133,0
DA:134,0
DA:136,0
DA:139,0
DA:140,0
DA:146,2
DA:147,0
DA:148,0
DA:149,0
DA:150,0
DA:153,0
DA:154,0
DA:155,0
DA:158,0
DA:159,0
DA:161,0
DA:164,0
DA:165,0
DA:168,2
DA:170,0
DA:173,0
DA:175,0
DA:178,0
DA:179,0
DA:180,0
DA:182,0
DA:183,0
DA:186,0
DA:187,0
DA:188,0
DA:190,0
DA:194,2
LF:96
LH:13
BRDA:43,0,0,0
BRDA:43,0,1,0
BRDA:47,1,0,0
BRDA:47,1,1,0
BRDA:50,2,0,0
BRDA:50,2,1,0
BRDA:60,3,0,0
BRDA:60,3,1,0
BRDA:63,4,0,0
BRDA:63,4,1,0
BRDA:81,5,0,0
BRDA:81,5,1,0
BRDA:106,6,0,0
BRDA:106,6,1,0
BRDA:125,7,0,0
BRDA:125,7,1,0
BRDA:129,8,0,0
BRDA:129,8,1,0
BRDA:149,9,0,0
BRDA:149,9,1,0
BRDA:149,10,0,0
BRDA:149,10,1,0
BRDA:154,11,0,0
BRDA:154,11,1,0
BRDA:173,12,0,0
BRDA:173,12,1,0
BRDA:173,13,0,0
BRDA:173,13,1,0
BRDA:173,13,2,0
BRDA:180,14,0,0
BRDA:180,14,1,0
BRDA:182,15,0,0
BRDA:182,15,1,0
BRF:33
BRH:0
end_of_record
